
2024-02-25T06:27:32.959Z info: Received a GET request for /regions
2024-02-25T06:28:51.719Z info: Received a GET request for /guests
2024-02-25T06:28:55.347Z info: Received a POST request for /guests
2024-02-25T06:36:26.857Z info: Received a POST request for /guests
2024-02-25T06:41:38.943Z info: Received a POST request for /guests
2024-02-25T06:42:26.287Z info: Received a POST request for /guests
2024-02-25T06:42:47.865Z info: Received a POST request for /guests
2024-02-25T06:52:20.595Z info: Received a GET request for /guests
2024-02-25T06:52:20.614Z info: guest response, [object Object],[object Object],[object Object],[object Object],[object Object],[object Object],[object Object],[object Object],[object Object]
2024-02-25T06:53:19.126Z info: Received a GET request for /guests
2024-02-25T06:53:19.146Z info: guest response
2024-02-25T06:56:05.180Z info: Received a GET request for /guests
2024-02-25T06:56:05.204Z info: guest response, [object Object],[object Object],[object Object],[object Object],[object Object],[object Object],[object Object],[object Object],[object Object]
2024-02-25T06:57:15.643Z info: Received a GET request for /guests
2024-02-25T06:57:15.665Z info: guest response, {"Id":1,"name":"John"},{"Id":2,"name":"Jane"},{"Id":3,"name":"Jean"},{"Id":4,"name":"Storm"},{"Id":5,"name":"Beast"},{"Id":6,"name":"Pedro"},{"Id":7,"name":"Heydi"},{"Id":8,"name":"Isabella"},{"Id":9,"name":"Kamila"}
2024-02-25T21:57:28.391Z info: Received a GET request for /
2024-02-25T21:57:50.387Z info: Received a GET request for /doc
2024-02-25T21:59:40.550Z info: Received a GET request for /
2024-02-25T21:59:46.474Z info: Received a GET request for /doc
2024-02-25T22:00:58.842Z info: Received a GET request for /doc
2024-02-25T22:01:01.328Z info: Received a GET request for /doc
2024-02-25T22:01:06.581Z info: Received a GET request for /guests
2024-02-25T22:14:32.470Z info: Received a GET request for /doc
2024-02-25T22:14:56.221Z info: Received a GET request for /
2024-02-25T22:27:11.433Z info: Received a GET request for /api-docs/
2024-02-25T22:27:11.462Z info: Received a GET request for /api-docs/swagger-ui.css
2024-02-25T22:27:11.467Z info: Received a GET request for /api-docs/swagger-ui-bundle.js
2024-02-25T22:27:11.471Z info: Received a GET request for /api-docs/swagger-ui-standalone-preset.js
2024-02-25T22:27:11.473Z info: Received a GET request for /api-docs/swagger-ui-init.js
2024-02-25T22:27:11.603Z info: Received a GET request for /api-docs/favicon-32x32.png
2024-02-25T22:27:28.805Z info: Received a GET request for /guests
2024-02-25T22:27:57.335Z info: Received a GET request for /regions
2024-02-25T22:28:02.617Z info: Received a GET request for /guests
2024-02-25T22:30:07.144Z info: Received a GET request for /api-docs/
2024-02-25T22:30:07.171Z info: Received a GET request for /api-docs/swagger-ui.css
2024-02-25T22:30:07.175Z info: Received a GET request for /api-docs/swagger-ui-bundle.js
2024-02-25T22:30:07.186Z info: Received a GET request for /api-docs/swagger-ui-standalone-preset.js
2024-02-25T22:30:07.190Z info: Received a GET request for /api-docs/swagger-ui-init.js
2024-02-25T22:30:07.360Z info: Received a GET request for /api-docs/favicon-32x32.png
2024-02-25T22:30:37.442Z info: Received a GET request for /guests
2024-02-25T22:31:41.495Z info: Received a GET request for /guests
2024-02-25T22:54:39.502Z info: Received a GET request for /api-docs/
2024-02-25T22:54:39.529Z info: Received a GET request for /api-docs/swagger-ui.css
2024-02-25T22:54:39.537Z info: Received a GET request for /api-docs/swagger-ui-bundle.js
2024-02-25T22:54:39.541Z info: Received a GET request for /api-docs/swagger-ui-init.js
2024-02-25T22:54:39.546Z info: Received a GET request for /api-docs/swagger-ui-standalone-preset.js
2024-02-25T22:54:39.750Z info: Received a GET request for /api-docs/favicon-32x32.png
2024-02-25T22:54:42.223Z info: Received a GET request for /api-docs/
2024-02-25T22:54:42.240Z info: Received a GET request for /api-docs/swagger-ui.css
2024-02-25T22:54:42.246Z info: Received a GET request for /api-docs/swagger-ui-bundle.js
2024-02-25T22:54:42.248Z info: Received a GET request for /api-docs/swagger-ui-standalone-preset.js
2024-02-25T22:54:42.250Z info: Received a GET request for /api-docs/swagger-ui-init.js
2024-02-25T22:54:42.377Z info: Received a GET request for /api-docs/favicon-32x32.png
2024-02-25T22:54:43.011Z info: Received a GET request for /api-docs/
2024-02-25T22:54:43.029Z info: Received a GET request for /api-docs/swagger-ui.css
2024-02-25T22:54:43.032Z info: Received a GET request for /api-docs/swagger-ui-bundle.js
2024-02-25T22:54:43.034Z info: Received a GET request for /api-docs/swagger-ui-standalone-preset.js
2024-02-25T22:54:43.035Z info: Received a GET request for /api-docs/swagger-ui-init.js
2024-02-25T22:54:43.127Z info: Received a GET request for /api-docs/favicon-32x32.png
2024-02-25T23:06:04.904Z info: Received a GET request for /api-docs/
2024-02-25T23:06:04.931Z info: Received a GET request for /api-docs/swagger-ui.css
2024-02-25T23:06:04.934Z info: Received a GET request for /api-docs/swagger-ui-bundle.js
2024-02-25T23:06:04.942Z info: Received a GET request for /api-docs/swagger-ui-standalone-preset.js
2024-02-25T23:06:04.945Z info: Received a GET request for /api-docs/swagger-ui-init.js
2024-02-25T23:06:05.048Z info: Received a GET request for /api-docs/favicon-32x32.png
2024-02-25T23:08:48.886Z info: Received a GET request for /api-docs/
2024-02-25T23:08:48.918Z info: Received a GET request for /api-docs/swagger-ui.css
2024-02-25T23:08:48.921Z info: Received a GET request for /api-docs/swagger-ui-bundle.js
2024-02-25T23:08:48.925Z info: Received a GET request for /api-docs/swagger-ui-standalone-preset.js
2024-02-25T23:08:48.927Z info: Received a GET request for /api-docs/swagger-ui-init.js
2024-02-25T23:08:49.078Z info: Received a GET request for /api-docs/favicon-32x32.png
2024-02-25T23:09:56.502Z info: Received a GET request for /api-docs/
2024-02-25T23:09:56.535Z info: Received a GET request for /api-docs/swagger-ui.css
2024-02-25T23:09:56.538Z info: Received a GET request for /api-docs/swagger-ui-bundle.js
2024-02-25T23:09:56.544Z info: Received a GET request for /api-docs/swagger-ui-standalone-preset.js
2024-02-25T23:09:56.548Z info: Received a GET request for /api-docs/swagger-ui-init.js
2024-02-25T23:09:56.657Z info: Received a GET request for /api-docs/favicon-32x32.png
2024-02-25T23:10:06.224Z info: Received a GET request for /api-docs/regions
2024-02-25T23:10:14.339Z info: Received a GET request for /api-docs/guest
2024-02-25T23:18:02.898Z info: Received a GET request for /api-docs/
2024-02-25T23:18:02.936Z info: Received a GET request for /api-docs/swagger-ui.css
2024-02-25T23:18:02.941Z info: Received a GET request for /api-docs/swagger-ui-bundle.js
2024-02-25T23:18:02.948Z info: Received a GET request for /api-docs/swagger-ui-standalone-preset.js
2024-02-25T23:18:02.953Z info: Received a GET request for /api-docs/swagger-ui-init.js
2024-02-25T23:18:03.446Z info: Received a GET request for /api-docs/favicon-32x32.png
2024-02-25T23:19:03.958Z info: Received a GET request for /api-docs/
2024-02-25T23:19:03.988Z info: Received a GET request for /api-docs/swagger-ui.css
2024-02-25T23:19:03.993Z info: Received a GET request for /api-docs/swagger-ui-bundle.js
2024-02-25T23:19:03.996Z info: Received a GET request for /api-docs/swagger-ui-init.js
2024-02-25T23:19:04.000Z info: Received a GET request for /api-docs/swagger-ui-standalone-preset.js
2024-02-25T23:19:04.158Z info: Received a GET request for /api-docs/favicon-32x32.png
2024-02-25T23:21:51.553Z info: Received a GET request for /api-docs/
2024-02-25T23:21:51.580Z info: Received a GET request for /api-docs/swagger-ui.css
2024-02-25T23:21:51.586Z info: Received a GET request for /api-docs/swagger-ui-bundle.js
2024-02-25T23:21:51.593Z info: Received a GET request for /api-docs/swagger-ui-standalone-preset.js
2024-02-25T23:21:51.596Z info: Received a GET request for /api-docs/swagger-ui-init.js
2024-02-25T23:21:51.711Z info: Received a GET request for /api-docs/favicon-32x32.png
2024-02-25T23:22:56.420Z info: Received a GET request for /api-docs/
2024-02-25T23:22:56.447Z info: Received a GET request for /api-docs/swagger-ui.css
2024-02-25T23:22:56.449Z info: Received a GET request for /api-docs/swagger-ui-bundle.js
2024-02-25T23:22:56.458Z info: Received a GET request for /api-docs/swagger-ui-standalone-preset.js
2024-02-25T23:22:56.461Z info: Received a GET request for /api-docs/swagger-ui-init.js
2024-02-25T23:22:56.630Z info: Received a GET request for /api-docs/favicon-32x32.png
2024-02-25T23:27:33.225Z info: Received a GET request for /api-docs/
2024-02-25T23:27:33.255Z info: Received a GET request for /api-docs/swagger-ui.css
2024-02-25T23:27:33.260Z info: Received a GET request for /api-docs/swagger-ui-bundle.js
2024-02-25T23:27:33.265Z info: Received a GET request for /api-docs/swagger-ui-standalone-preset.js
2024-02-25T23:27:33.268Z info: Received a GET request for /api-docs/swagger-ui-init.js
2024-02-25T23:27:33.389Z info: Received a GET request for /api-docs/favicon-32x32.png
2024-02-25T23:30:33.145Z info: Received a GET request for /api-docs/
2024-02-25T23:30:33.174Z info: Received a GET request for /api-docs/swagger-ui.css
2024-02-25T23:30:33.178Z info: Received a GET request for /api-docs/swagger-ui-bundle.js
2024-02-25T23:30:33.185Z info: Received a GET request for /api-docs/swagger-ui-standalone-preset.js
2024-02-25T23:30:33.187Z info: Received a GET request for /api-docs/swagger-ui-init.js
2024-02-25T23:30:33.294Z info: Received a GET request for /api-docs/favicon-32x32.png
2024-02-25T23:31:11.530Z info: Received a GET request for /api-docs/
2024-02-25T23:31:11.559Z info: Received a GET request for /api-docs/swagger-ui.css
2024-02-25T23:31:11.562Z info: Received a GET request for /api-docs/swagger-ui-bundle.js
2024-02-25T23:31:11.568Z info: Received a GET request for /api-docs/swagger-ui-standalone-preset.js
2024-02-25T23:31:11.571Z info: Received a GET request for /api-docs/swagger-ui-init.js
2024-02-25T23:31:11.688Z info: Received a GET request for /api-docs/favicon-32x32.png
2024-02-25T23:31:19.816Z info: Received a GET request for /Guests
2024-02-25T23:40:04.226Z info: Received a GET request for /api-docs/
2024-02-25T23:40:04.257Z info: Received a GET request for /api-docs/swagger-ui.css
2024-02-25T23:40:04.261Z info: Received a GET request for /api-docs/swagger-ui-bundle.js
2024-02-25T23:40:04.264Z info: Received a GET request for /api-docs/swagger-ui-standalone-preset.js
2024-02-25T23:40:04.275Z info: Received a GET request for /api-docs/swagger-ui-init.js
2024-02-25T23:40:04.498Z info: Received a GET request for /api-docs/favicon-32x32.png
2024-02-25T23:40:08.842Z info: Received a GET request for /Guests
2024-02-25T23:40:32.594Z info: Received a GET request for /Regions
2024-02-26T01:13:51.765Z info: Received a GET request for /api-docs/
2024-02-26T01:13:51.793Z info: Received a GET request for /api-docs/swagger-ui.css
2024-02-26T01:13:51.797Z info: Received a GET request for /api-docs/swagger-ui-bundle.js
2024-02-26T01:13:51.803Z info: Received a GET request for /api-docs/swagger-ui-standalone-preset.js
2024-02-26T01:13:51.805Z info: Received a GET request for /api-docs/swagger-ui-init.js
2024-02-26T01:13:52.034Z info: Received a GET request for /api-docs/favicon-32x32.png
2024-02-26T01:22:11.532Z info: Received a GET request for /api-docs/
2024-02-26T01:22:11.562Z info: Received a GET request for /api-docs/swagger-ui.css
2024-02-26T01:22:11.565Z info: Received a GET request for /api-docs/swagger-ui-bundle.js
2024-02-26T01:22:11.571Z info: Received a GET request for /api-docs/swagger-ui-standalone-preset.js
2024-02-26T01:22:11.576Z info: Received a GET request for /api-docs/swagger-ui-init.js
2024-02-26T01:22:11.756Z info: Received a GET request for /api-docs/favicon-32x32.png
2024-02-26T01:22:24.028Z info: Received a GET request for /Guests
2024-02-26T01:22:25.683Z info: Received a GET request for /Guests
2024-02-26T01:23:08.356Z info: Received a GET request for /api-docs/
2024-02-26T01:23:08.386Z info: Received a GET request for /api-docs/swagger-ui.css
2024-02-26T01:23:08.389Z info: Received a GET request for /api-docs/swagger-ui-bundle.js
2024-02-26T01:23:08.399Z info: Received a GET request for /api-docs/swagger-ui-standalone-preset.js
2024-02-26T01:23:08.402Z info: Received a GET request for /api-docs/swagger-ui-init.js
2024-02-26T01:23:08.539Z info: Received a GET request for /api-docs/favicon-32x32.png
2024-02-26T01:23:13.191Z info: Received a GET request for /Guests
2024-02-26T01:23:33.580Z info: Received a GET request for /Guests
2024-02-26T01:24:30.156Z info: Received a GET request for /api-docs/
2024-02-26T01:24:30.185Z info: Received a GET request for /api-docs/swagger-ui.css
2024-02-26T01:24:30.191Z info: Received a GET request for /api-docs/swagger-ui-bundle.js
2024-02-26T01:24:30.195Z info: Received a GET request for /api-docs/swagger-ui-standalone-preset.js
2024-02-26T01:24:30.202Z info: Received a GET request for /api-docs/swagger-ui-init.js
2024-02-26T01:24:30.338Z info: Received a GET request for /api-docs/favicon-32x32.png
2024-02-26T01:24:34.558Z info: Received a GET request for /Guests
2024-02-26T01:24:44.591Z info: Received a GET request for /api-docs/Guest
